Build started 11/5/2015 19:08:21.
     1>Project "C:\Users\sthanyadit\documents\visual studio 2013\Projects\HandDetection\HandDetection\HandDetection.vcxproj" on node 2 (Build target(s)).
     1>ClCompile:
         C:\Program Files (x86)\Microsoft Visual Studio 12.0\VC\bin\CL.exe /c /Ic:\opencv\install\x86\vc12\..\..\include /ZI /nologo /W3 /WX- /Od /Oy- /D WIN32 /D _DEBUG /D _WINDOWS /D _UNICODE /D UNICODE /Gm /EHsc /RTC1 /MDd /GS /fp:precise /Zc:wchar_t /Zc:forScope /openmp /Yu"stdafx.h" /Fp"Debug\HandDetection.pch" /Fo"Debug\\" /Fd"Debug\vc120.pdb" /Gd /TP /analyze- /errorReport:prompt kinect_handle.cpp
         kinect_handle.cpp
     1>c:\opencv\install\include\opencv2\flann\logger.h(66): warning C4996: 'fopen': This function or variable may be unsafe. Consider using fopen_s instead. To disable deprecation, use _CRT_SECURE_NO_WARNINGS. See online help for details.
                 c:\program files (x86)\microsoft visual studio 12.0\vc\include\stdio.h(211) : see declaration of 'fopen'
     1>c:\program files (x86)\microsoft directx sdk (june 2010)\include\dxgitype.h(12): warning C4005: 'DXGI_STATUS_OCCLUDED' : macro redefinition
                 c:\program files (x86)\windows kits\8.1\include\shared\winerror.h(50092) : see previous definition of 'DXGI_STATUS_OCCLUDED'
     1>c:\program files (x86)\microsoft directx sdk (june 2010)\include\dxgitype.h(13): warning C4005: 'DXGI_STATUS_CLIPPED' : macro redefinition
                 c:\program files (x86)\windows kits\8.1\include\shared\winerror.h(50101) : see previous definition of 'DXGI_STATUS_CLIPPED'
     1>c:\program files (x86)\microsoft directx sdk (june 2010)\include\dxgitype.h(14): warning C4005: 'DXGI_STATUS_NO_REDIRECTION' : macro redefinition
                 c:\program files (x86)\windows kits\8.1\include\shared\winerror.h(50110) : see previous definition of 'DXGI_STATUS_NO_REDIRECTION'
     1>c:\program files (x86)\microsoft directx sdk (june 2010)\include\dxgitype.h(15): warning C4005: 'DXGI_STATUS_NO_DESKTOP_ACCESS' : macro redefinition
                 c:\program files (x86)\windows kits\8.1\include\shared\winerror.h(50119) : see previous definition of 'DXGI_STATUS_NO_DESKTOP_ACCESS'
     1>c:\program files (x86)\microsoft directx sdk (june 2010)\include\dxgitype.h(16): warning C4005: 'DXGI_STATUS_GRAPHICS_VIDPN_SOURCE_IN_USE' : macro redefinition
                 c:\program files (x86)\windows kits\8.1\include\shared\winerror.h(50128) : see previous definition of 'DXGI_STATUS_GRAPHICS_VIDPN_SOURCE_IN_USE'
     1>c:\program files (x86)\microsoft directx sdk (june 2010)\include\dxgitype.h(17): warning C4005: 'DXGI_STATUS_MODE_CHANGED' : macro redefinition
                 c:\program files (x86)\windows kits\8.1\include\shared\winerror.h(50137) : see previous definition of 'DXGI_STATUS_MODE_CHANGED'
     1>c:\program files (x86)\microsoft directx sdk (june 2010)\include\dxgitype.h(18): warning C4005: 'DXGI_STATUS_MODE_CHANGE_IN_PROGRESS' : macro redefinition
                 c:\program files (x86)\windows kits\8.1\include\shared\winerror.h(50146) : see previous definition of 'DXGI_STATUS_MODE_CHANGE_IN_PROGRESS'
     1>c:\program files (x86)\microsoft directx sdk (june 2010)\include\dxgitype.h(21): warning C4005: 'DXGI_ERROR_INVALID_CALL' : macro redefinition
                 c:\program files (x86)\windows kits\8.1\include\shared\winerror.h(50161) : see previous definition of 'DXGI_ERROR_INVALID_CALL'
     1>c:\program files (x86)\microsoft directx sdk (june 2010)\include\dxgitype.h(22): warning C4005: 'DXGI_ERROR_NOT_FOUND' : macro redefinition
                 c:\program files (x86)\windows kits\8.1\include\shared\winerror.h(50170) : see previous definition of 'DXGI_ERROR_NOT_FOUND'
     1>c:\program files (x86)\microsoft directx sdk (june 2010)\include\dxgitype.h(23): warning C4005: 'DXGI_ERROR_MORE_DATA' : macro redefinition
                 c:\program files (x86)\windows kits\8.1\include\shared\winerror.h(50179) : see previous definition of 'DXGI_ERROR_MORE_DATA'
     1>c:\program files (x86)\microsoft directx sdk (june 2010)\include\dxgitype.h(24): warning C4005: 'DXGI_ERROR_UNSUPPORTED' : macro redefinition
                 c:\program files (x86)\windows kits\8.1\include\shared\winerror.h(50188) : see previous definition of 'DXGI_ERROR_UNSUPPORTED'
     1>c:\program files (x86)\microsoft directx sdk (june 2010)\include\dxgitype.h(25): warning C4005: 'DXGI_ERROR_DEVICE_REMOVED' : macro redefinition
                 c:\program files (x86)\windows kits\8.1\include\shared\winerror.h(50197) : see previous definition of 'DXGI_ERROR_DEVICE_REMOVED'
     1>c:\program files (x86)\microsoft directx sdk (june 2010)\include\dxgitype.h(26): warning C4005: 'DXGI_ERROR_DEVICE_HUNG' : macro redefinition
                 c:\program files (x86)\windows kits\8.1\include\shared\winerror.h(50206) : see previous definition of 'DXGI_ERROR_DEVICE_HUNG'
     1>c:\program files (x86)\microsoft directx sdk (june 2010)\include\dxgitype.h(27): warning C4005: 'DXGI_ERROR_DEVICE_RESET' : macro redefinition
                 c:\program files (x86)\windows kits\8.1\include\shared\winerror.h(50216) : see previous definition of 'DXGI_ERROR_DEVICE_RESET'
     1>c:\program files (x86)\microsoft directx sdk (june 2010)\include\dxgitype.h(28): warning C4005: 'DXGI_ERROR_WAS_STILL_DRAWING' : macro redefinition
                 c:\program files (x86)\windows kits\8.1\include\shared\winerror.h(50225) : see previous definition of 'DXGI_ERROR_WAS_STILL_DRAWING'
     1>c:\program files (x86)\microsoft directx sdk (june 2010)\include\dxgitype.h(29): warning C4005: 'DXGI_ERROR_FRAME_STATISTICS_DISJOINT' : macro redefinition
                 c:\program files (x86)\windows kits\8.1\include\shared\winerror.h(50235) : see previous definition of 'DXGI_ERROR_FRAME_STATISTICS_DISJOINT'
     1>c:\program files (x86)\microsoft directx sdk (june 2010)\include\dxgitype.h(30): warning C4005: 'DXGI_ERROR_GRAPHICS_VIDPN_SOURCE_IN_USE' : macro redefinition
                 c:\program files (x86)\windows kits\8.1\include\shared\winerror.h(50244) : see previous definition of 'DXGI_ERROR_GRAPHICS_VIDPN_SOURCE_IN_USE'
     1>c:\program files (x86)\microsoft directx sdk (june 2010)\include\dxgitype.h(31): warning C4005: 'DXGI_ERROR_DRIVER_INTERNAL_ERROR' : macro redefinition
                 c:\program files (x86)\windows kits\8.1\include\shared\winerror.h(50254) : see previous definition of 'DXGI_ERROR_DRIVER_INTERNAL_ERROR'
     1>c:\program files (x86)\microsoft directx sdk (june 2010)\include\dxgitype.h(32): warning C4005: 'DXGI_ERROR_NONEXCLUSIVE' : macro redefinition
                 c:\program files (x86)\windows kits\8.1\include\shared\winerror.h(50263) : see previous definition of 'DXGI_ERROR_NONEXCLUSIVE'
     1>c:\program files (x86)\microsoft directx sdk (june 2010)\include\dxgitype.h(33): warning C4005: 'DXGI_ERROR_NOT_CURRENTLY_AVAILABLE' : macro redefinition
                 c:\program files (x86)\windows kits\8.1\include\shared\winerror.h(50272) : see previous definition of 'DXGI_ERROR_NOT_CURRENTLY_AVAILABLE'
     1>c:\program files (x86)\microsoft directx sdk (june 2010)\include\dxgitype.h(34): warning C4005: 'DXGI_ERROR_REMOTE_CLIENT_DISCONNECTED' : macro redefinition
                 c:\program files (x86)\windows kits\8.1\include\shared\winerror.h(50282) : see previous definition of 'DXGI_ERROR_REMOTE_CLIENT_DISCONNECTED'
     1>c:\program files (x86)\microsoft directx sdk (june 2010)\include\dxgitype.h(35): warning C4005: 'DXGI_ERROR_REMOTE_OUTOFMEMORY' : macro redefinition
                 c:\program files (x86)\windows kits\8.1\include\shared\winerror.h(50291) : see previous definition of 'DXGI_ERROR_REMOTE_OUTOFMEMORY'
     1>c:\program files (x86)\microsoft directx sdk (june 2010)\include\d3d10.h(608): warning C4005: 'D3D10_ERROR_TOO_MANY_UNIQUE_STATE_OBJECTS' : macro redefinition
                 c:\program files (x86)\windows kits\8.1\include\shared\winerror.h(50445) : see previous definition of 'D3D10_ERROR_TOO_MANY_UNIQUE_STATE_OBJECTS'
     1>c:\program files (x86)\microsoft directx sdk (june 2010)\include\d3d10.h(609): warning C4005: 'D3D10_ERROR_FILE_NOT_FOUND' : macro redefinition
                 c:\program files (x86)\windows kits\8.1\include\shared\winerror.h(50454) : see previous definition of 'D3D10_ERROR_FILE_NOT_FOUND'
     1>c:\users\sthanyadit\documents\visual studio 2013\projects\handdetection\handdetection\kinect_handle.cpp(13): warning C4305: 'initializing' : truncation from 'double' to 'const float'
     1>c:\users\sthanyadit\documents\visual studio 2013\projects\handdetection\handdetection\kinect_handle.cpp(86): warning C4305: '=' : truncation from 'double' to 'float'
     1>c:\users\sthanyadit\documents\visual studio 2013\projects\handdetection\handdetection\kinect_handle.cpp(90): warning C4305: '=' : truncation from 'double' to 'float'
     1>c:\users\sthanyadit\documents\visual studio 2013\projects\handdetection\handdetection\kinect_handle.cpp(92): warning C4305: '=' : truncation from 'double' to 'float'
     1>c:\users\sthanyadit\documents\visual studio 2013\projects\handdetection\handdetection\kinect_handle.cpp(95): warning C4305: '=' : truncation from 'double' to 'float'
     1>c:\users\sthanyadit\documents\visual studio 2013\projects\handdetection\handdetection\kinect_handle.cpp(101): warning C4305: '=' : truncation from 'double' to 'float'
     1>c:\users\sthanyadit\documents\visual studio 2013\projects\handdetection\handdetection\kinect_handle.cpp(104): warning C4305: '=' : truncation from 'double' to 'float'
     1>c:\users\sthanyadit\documents\visual studio 2013\projects\handdetection\handdetection\kinect_handle.cpp(107): warning C4305: '=' : truncation from 'double' to 'float'
     1>c:\users\sthanyadit\documents\visual studio 2013\projects\handdetection\handdetection\kinect_handle.cpp(113): warning C4305: '=' : truncation from 'double' to 'float'
     1>c:\users\sthanyadit\documents\visual studio 2013\projects\handdetection\handdetection\kinect_handle.cpp(116): warning C4305: '=' : truncation from 'double' to 'float'
     1>c:\users\sthanyadit\documents\visual studio 2013\projects\handdetection\handdetection\kinect_handle.cpp(119): warning C4305: '=' : truncation from 'double' to 'float'
     1>c:\users\sthanyadit\documents\visual studio 2013\projects\handdetection\handdetection\kinect_handle.cpp(122): warning C4305: '=' : truncation from 'double' to 'float'
     1>c:\users\sthanyadit\documents\visual studio 2013\projects\handdetection\handdetection\kinect_handle.cpp(125): warning C4305: '=' : truncation from 'double' to 'float'
     1>c:\users\sthanyadit\documents\visual studio 2013\projects\handdetection\handdetection\kinect_handle.cpp(128): warning C4305: '=' : truncation from 'double' to 'float'
     1>c:\users\sthanyadit\documents\visual studio 2013\projects\handdetection\handdetection\kinect_handle.cpp(134): warning C4305: '=' : truncation from 'double' to 'float'
     1>c:\users\sthanyadit\documents\visual studio 2013\projects\handdetection\handdetection\kinect_handle.cpp(137): warning C4305: '=' : truncation from 'double' to 'float'
     1>c:\users\sthanyadit\documents\visual studio 2013\projects\handdetection\handdetection\kinect_handle.cpp(140): warning C4305: '=' : truncation from 'double' to 'float'
     1>c:\users\sthanyadit\documents\visual studio 2013\projects\handdetection\handdetection\kinect_handle.cpp(149): warning C4305: 'argument' : truncation from 'double' to 'FLOAT'
     1>c:\users\sthanyadit\documents\visual studio 2013\projects\handdetection\handdetection\kinect_handle.cpp(455): warning C4244: 'initializing' : conversion from 'float' to 'int', possible loss of data
     1>c:\users\sthanyadit\documents\visual studio 2013\projects\handdetection\handdetection\kinect_handle.cpp(504): warning C4244: 'argument' : conversion from 'float' to 'int', possible loss of data
     1>c:\users\sthanyadit\documents\visual studio 2013\projects\handdetection\handdetection\kinect_handle.cpp(508): warning C4244: 'argument' : conversion from 'float' to 'int', possible loss of data
     1>c:\users\sthanyadit\documents\visual studio 2013\projects\handdetection\handdetection\kinect_handle.cpp(516): warning C4244: 'initializing' : conversion from 'double' to 'float', possible loss of data
     1>c:\users\sthanyadit\documents\visual studio 2013\projects\handdetection\handdetection\kinect_handle.cpp(517): warning C4244: 'initializing' : conversion from 'double' to 'float', possible loss of data
     1>c:\users\sthanyadit\documents\visual studio 2013\projects\handdetection\handdetection\kinect_handle.cpp(529): warning C4244: '=' : conversion from 'double' to 'float', possible loss of data
     1>c:\users\sthanyadit\documents\visual studio 2013\projects\handdetection\handdetection\kinect_handle.cpp(530): warning C4244: '=' : conversion from 'double' to 'float', possible loss of data
     1>c:\users\sthanyadit\documents\visual studio 2013\projects\handdetection\handdetection\kinect_handle.cpp(531): warning C4244: '=' : conversion from 'double' to 'float', possible loss of data
     1>c:\users\sthanyadit\documents\visual studio 2013\projects\handdetection\handdetection\kinect_handle.cpp(559): warning C4305: 'initializing' : truncation from 'int' to 'float'
     1>c:\users\sthanyadit\documents\visual studio 2013\projects\handdetection\handdetection\kinect_handle.cpp(565): warning C4244: 'argument' : conversion from 'float' to 'int', possible loss of data
     1>c:\users\sthanyadit\documents\visual studio 2013\projects\handdetection\handdetection\kinect_handle.cpp(572): warning C4244: '=' : conversion from 'double' to 'float', possible loss of data
     1>c:\users\sthanyadit\documents\visual studio 2013\projects\handdetection\handdetection\kinect_handle.cpp(573): warning C4244: '=' : conversion from 'double' to 'float', possible loss of data
     1>c:\users\sthanyadit\documents\visual studio 2013\projects\handdetection\handdetection\kinect_handle.cpp(575): warning C4244: 'argument' : conversion from 'float' to 'int', possible loss of data
     1>c:\users\sthanyadit\documents\visual studio 2013\projects\handdetection\handdetection\kinect_handle.cpp(851): warning C4305: 'return' : truncation from 'int' to 'float'
     1>c:\users\sthanyadit\documents\visual studio 2013\projects\handdetection\handdetection\kinect_handle.cpp(860): warning C4244: 'initializing' : conversion from 'double' to 'float', possible loss of data
     1>c:\users\sthanyadit\documents\visual studio 2013\projects\handdetection\handdetection\kinect_handle.cpp(863): warning C4244: 'initializing' : conversion from 'double' to 'int', possible loss of data
     1>c:\users\sthanyadit\documents\visual studio 2013\projects\handdetection\handdetection\kinect_handle.cpp(874): warning C4244: '=' : conversion from 'double' to 'float', possible loss of data
     1>c:\users\sthanyadit\documents\visual studio 2013\projects\handdetection\handdetection\kinect_handle.cpp(875): warning C4244: '=' : conversion from 'double' to 'float', possible loss of data
     1>c:\users\sthanyadit\documents\visual studio 2013\projects\handdetection\handdetection\kinect_handle.cpp(888): warning C4244: 'argument' : conversion from 'float' to 'int', possible loss of data
     1>c:\users\sthanyadit\documents\visual studio 2013\projects\handdetection\handdetection\kinect_handle.cpp(896): warning C4244: 'argument' : conversion from 'float' to 'int', possible loss of data
     1>c:\users\sthanyadit\documents\visual studio 2013\projects\handdetection\handdetection\kinect_handle.cpp(907): warning C4244: '=' : conversion from 'double' to 'float', possible loss of data
     1>c:\users\sthanyadit\documents\visual studio 2013\projects\handdetection\handdetection\kinect_handle.cpp(908): warning C4244: '=' : conversion from 'double' to 'float', possible loss of data
     1>c:\users\sthanyadit\documents\visual studio 2013\projects\handdetection\handdetection\kinect_handle.cpp(919): warning C4244: 'argument' : conversion from 'float' to 'int', possible loss of data
     1>c:\users\sthanyadit\documents\visual studio 2013\projects\handdetection\handdetection\kinect_handle.cpp(927): warning C4244: 'argument' : conversion from 'float' to 'int', possible loss of data
     1>c:\users\sthanyadit\documents\visual studio 2013\projects\handdetection\handdetection\kinect_handle.cpp(939): warning C4244: '=' : conversion from 'double' to 'float', possible loss of data
     1>c:\users\sthanyadit\documents\visual studio 2013\projects\handdetection\handdetection\kinect_handle.cpp(940): warning C4244: '=' : conversion from 'double' to 'float', possible loss of data
     1>c:\users\sthanyadit\documents\visual studio 2013\projects\handdetection\handdetection\kinect_handle.cpp(951): warning C4244: 'argument' : conversion from 'float' to 'int', possible loss of data
     1>c:\users\sthanyadit\documents\visual studio 2013\projects\handdetection\handdetection\kinect_handle.cpp(959): warning C4244: 'argument' : conversion from 'float' to 'int', possible loss of data
     1>c:\users\sthanyadit\documents\visual studio 2013\projects\handdetection\handdetection\kinect_handle.cpp(984): warning C4244: '=' : conversion from 'double' to 'float', possible loss of data
     1>c:\users\sthanyadit\documents\visual studio 2013\projects\handdetection\handdetection\kinect_handle.cpp(985): warning C4244: '=' : conversion from 'double' to 'float', possible loss of data
     1>c:\users\sthanyadit\documents\visual studio 2013\projects\handdetection\handdetection\kinect_handle.cpp(996): warning C4244: 'argument' : conversion from 'float' to 'int', possible loss of data
     1>c:\users\sthanyadit\documents\visual studio 2013\projects\handdetection\handdetection\kinect_handle.cpp(1004): warning C4244: 'argument' : conversion from 'float' to 'int', possible loss of data
     1>c:\users\sthanyadit\documents\visual studio 2013\projects\handdetection\handdetection\kinect_handle.cpp(1030): warning C4244: '=' : conversion from 'double' to 'float', possible loss of data
     1>c:\users\sthanyadit\documents\visual studio 2013\projects\handdetection\handdetection\kinect_handle.cpp(1031): warning C4244: '=' : conversion from 'double' to 'float', possible loss of data
     1>c:\users\sthanyadit\documents\visual studio 2013\projects\handdetection\handdetection\kinect_handle.cpp(1042): warning C4244: 'argument' : conversion from 'float' to 'int', possible loss of data
     1>c:\users\sthanyadit\documents\visual studio 2013\projects\handdetection\handdetection\kinect_handle.cpp(1050): warning C4244: 'argument' : conversion from 'float' to 'int', possible loss of data
     1>c:\users\sthanyadit\documents\visual studio 2013\projects\handdetection\handdetection\kinect_handle.cpp(1084): warning C4244: 'initializing' : conversion from 'double' to 'float', possible loss of data
     1>c:\users\sthanyadit\documents\visual studio 2013\projects\handdetection\handdetection\kinect_handle.cpp(1088): warning C4244: 'argument' : conversion from 'float' to 'int', possible loss of data
     1>c:\users\sthanyadit\documents\visual studio 2013\projects\handdetection\handdetection\kinect_handle.cpp(1110): warning C4244: 'initializing' : conversion from 'double' to 'float', possible loss of data
     1>c:\users\sthanyadit\documents\visual studio 2013\projects\handdetection\handdetection\kinect_handle.cpp(1138): warning C4244: 'argument' : conversion from 'double' to 'FLOAT', possible loss of data
     1>c:\users\sthanyadit\documents\visual studio 2013\projects\handdetection\handdetection\kinect_handle.cpp(1140): warning C4244: 'argument' : conversion from 'double' to 'FLOAT', possible loss of data
     1>c:\users\sthanyadit\documents\visual studio 2013\projects\handdetection\handdetection\kinect_handle.cpp(1169): warning C4244: 'argument' : conversion from 'double' to 'FLOAT', possible loss of data
     1>c:\users\sthanyadit\documents\visual studio 2013\projects\handdetection\handdetection\kinect_handle.cpp(1189): warning C4244: 'argument' : conversion from 'double' to 'FLOAT', possible loss of data
     1>c:\users\sthanyadit\documents\visual studio 2013\projects\handdetection\handdetection\kinect_handle.cpp(1209): warning C4244: 'argument' : conversion from 'double' to 'FLOAT', possible loss of data
     1>c:\users\sthanyadit\documents\visual studio 2013\projects\handdetection\handdetection\kinect_handle.cpp(1230): warning C4244: 'argument' : conversion from 'double' to 'FLOAT', possible loss of data
     1>c:\users\sthanyadit\documents\visual studio 2013\projects\handdetection\handdetection\kinect_handle.cpp(1251): warning C4244: 'argument' : conversion from 'double' to 'FLOAT', possible loss of data
     1>c:\users\sthanyadit\documents\visual studio 2013\projects\handdetection\handdetection\kinect_handle.cpp(1265): warning C4244: 'argument' : conversion from 'double' to 'FLOAT', possible loss of data
     1>c:\users\sthanyadit\documents\visual studio 2013\projects\handdetection\handdetection\kinect_handle.cpp(1266): warning C4244: 'argument' : conversion from 'double' to 'FLOAT', possible loss of data
     1>c:\users\sthanyadit\documents\visual studio 2013\projects\handdetection\handdetection\kinect_handle.cpp(1267): warning C4244: 'argument' : conversion from 'double' to 'FLOAT', possible loss of data
     1>c:\users\sthanyadit\documents\visual studio 2013\projects\handdetection\handdetection\kinect_handle.cpp(1268): warning C4244: 'argument' : conversion from 'double' to 'FLOAT', possible loss of data
     1>c:\users\sthanyadit\documents\visual studio 2013\projects\handdetection\handdetection\kinect_handle.cpp(1280): warning C4244: 'argument' : conversion from 'double' to 'FLOAT', possible loss of data
     1>c:\users\sthanyadit\documents\visual studio 2013\projects\handdetection\handdetection\kinect_handle.cpp(1281): warning C4244: 'argument' : conversion from 'double' to 'FLOAT', possible loss of data
     1>c:\users\sthanyadit\documents\visual studio 2013\projects\handdetection\handdetection\kinect_handle.cpp(1282): warning C4244: 'argument' : conversion from 'double' to 'FLOAT', possible loss of data
     1>c:\users\sthanyadit\documents\visual studio 2013\projects\handdetection\handdetection\kinect_handle.cpp(1320): warning C4244: '=' : conversion from 'double' to 'float', possible loss of data
     1>c:\users\sthanyadit\documents\visual studio 2013\projects\handdetection\handdetection\kinect_handle.cpp(1321): warning C4244: '=' : conversion from 'double' to 'float', possible loss of data
     1>c:\users\sthanyadit\documents\visual studio 2013\projects\handdetection\handdetection\kinect_handle.cpp(1322): warning C4244: '=' : conversion from 'double' to 'float', possible loss of data
     1>c:\users\sthanyadit\documents\visual studio 2013\projects\handdetection\handdetection\kinect_handle.cpp(1323): warning C4244: '=' : conversion from 'double' to 'float', possible loss of data
     1>c:\users\sthanyadit\documents\visual studio 2013\projects\handdetection\handdetection\kinect_handle.cpp(1324): warning C4244: '=' : conversion from 'double' to 'float', possible loss of data
     1>c:\users\sthanyadit\documents\visual studio 2013\projects\handdetection\handdetection\kinect_handle.cpp(1325): warning C4244: '=' : conversion from 'double' to 'float', possible loss of data
     1>c:\users\sthanyadit\documents\visual studio 2013\projects\handdetection\handdetection\kinect_handle.cpp(1343): warning C4244: '=' : conversion from 'double' to 'float', possible loss of data
     1>c:\users\sthanyadit\documents\visual studio 2013\projects\handdetection\handdetection\kinect_handle.cpp(1344): warning C4244: '=' : conversion from 'double' to 'float', possible loss of data
     1>c:\users\sthanyadit\documents\visual studio 2013\projects\handdetection\handdetection\kinect_handle.cpp(1345): warning C4244: '=' : conversion from 'double' to 'float', possible loss of data
     1>c:\users\sthanyadit\documents\visual studio 2013\projects\handdetection\handdetection\kinect_handle.cpp(1367): warning C4305: '=' : truncation from 'int' to 'float'
     1>c:\users\sthanyadit\documents\visual studio 2013\projects\handdetection\handdetection\kinect_handle.cpp(1372): warning C4244: '=' : conversion from 'double' to 'float', possible loss of data
     1>c:\users\sthanyadit\documents\visual studio 2013\projects\handdetection\handdetection\kinect_handle.cpp(1373): warning C4244: '=' : conversion from 'double' to 'float', possible loss of data
     1>c:\users\sthanyadit\documents\visual studio 2013\projects\handdetection\handdetection\kinect_handle.cpp(1374): warning C4244: '=' : conversion from 'double' to 'float', possible loss of data
     1>c:\users\sthanyadit\documents\visual studio 2013\projects\handdetection\handdetection\kinect_handle.cpp(1383): warning C4244: '=' : conversion from 'double' to 'float', possible loss of data
     1>c:\users\sthanyadit\documents\visual studio 2013\projects\handdetection\handdetection\kinect_handle.cpp(1316): warning C4101: 'minDistanceIndex' : unreferenced local variable
     1>c:\users\sthanyadit\documents\visual studio 2013\projects\handdetection\handdetection\kinect_handle.cpp(1317): warning C4101: 'm' : unreferenced local variable
     1>c:\users\sthanyadit\documents\visual studio 2013\projects\handdetection\handdetection\kinect_handle.cpp(1315): warning C4101: 'minDistance' : unreferenced local variable
       Link:
         C:\Program Files (x86)\Microsoft Visual Studio 12.0\VC\bin\link.exe /ERRORREPORT:PROMPT /OUT:"C:\Users\sthanyadit\documents\visual studio 2013\Projects\HandDetection\Debug\HandDetection.exe" /INCREMENTAL /NOLOGO /LIBPATH:c:\opencv\install\x86\vc12\lib nvapi.lib dxerr.lib DXUTOpt.lib opencv_core2410d.lib opencv_imgproc2410d.lib opencv_highgui2410d.lib opencv_ml2410d.lib opencv_video2410d.lib opencv_features2d2410d.lib opencv_calib3d2410d.lib opencv_objdetect2410d.lib opencv_contrib2410d.lib opencv_legacy2410d.lib opencv_flann2410d.lib opencv_gpu2410d.lib kinect20.lib Kinect20.Face.lib kernel32.lib user32.lib gdi32.lib winspool.lib comdlg32.lib advapi32.lib shell32.lib ole32.lib oleaut32.lib uuid.lib odbc32.lib odbccp32.lib /MANIFEST /MANIFESTUAC:"level='asInvoker' uiAccess='false'" /manifest:embed /DEBUG /PDB:"C:\Users\sthanyadit\documents\visual studio 2013\Projects\HandDetection\Debug\HandDetection.pdb" /SUBSYSTEM:WINDOWS /TLBID:1 /DYNAMICBASE /NXCOMPAT /IMPLIB:"C:\Users\sthanyadit\documents\visual studio 2013\Projects\HandDetection\Debug\HandDetection.lib" /MACHINE:X86 Debug\HandDetection.res
         Debug\graphic.obj
         Debug\HandDetection.obj
         Debug\kinect_handle.obj
         Debug\lightclass.obj
         Debug\lightshaderclass.obj
         Debug\modelclass.obj
         Debug\nvStereo.obj
         Debug\stdafx.obj
         Debug\terrainclass.obj
         Debug\textureclass.obj
         HandDetection.vcxproj -> C:\Users\sthanyadit\documents\visual studio 2013\Projects\HandDetection\Debug\HandDetection.exe
     1>Done Building Project "C:\Users\sthanyadit\documents\visual studio 2013\Projects\HandDetection\HandDetection\HandDetection.vcxproj" (Build target(s)).

Build succeeded.

Time Elapsed 00:00:01.98
